d:\chesda ite y1\semester 2\cf\project\sbs\school\school\x64\release\vc143.pdb
d:\chesda ite y1\semester 2\cf\project\sbs\school\school\x64\release\.netframework,version=v4.7.2.assemblyattributes.obj
d:\chesda ite y1\semester 2\cf\project\sbs\school\school\x64\release\thdmenu.obj
d:\chesda ite y1\semester 2\cf\project\sbs\school\school\x64\release\termcon.obj
d:\chesda ite y1\semester 2\cf\project\sbs\school\school\x64\release\teachermanagement.obj
d:\chesda ite y1\semester 2\cf\project\sbs\school\school\x64\release\studentreciept.obj
d:\chesda ite y1\semester 2\cf\project\sbs\school\school\x64\release\studentmanagement.obj
d:\chesda ite y1\semester 2\cf\project\sbs\school\school\x64\release\stdmenu.obj
d:\chesda ite y1\semester 2\cf\project\sbs\school\school\x64\release\stamenu.obj
d:\chesda ite y1\semester 2\cf\project\sbs\school\school\x64\release\staffmanagement.obj
d:\chesda ite y1\semester 2\cf\project\sbs\school\school\x64\release\setting.obj
d:\chesda ite y1\semester 2\cf\project\sbs\school\school\x64\release\myform.obj
d:\chesda ite y1\semester 2\cf\project\sbs\school\school\x64\release\main.obj
d:\chesda ite y1\semester 2\cf\project\sbs\school\school\x64\release\history.obj
d:\chesda ite y1\semester 2\cf\project\sbs\school\school\x64\release\helpsetting.obj
d:\chesda ite y1\semester 2\cf\project\sbs\school\school\x64\release\addtechcon.obj
d:\chesda ite y1\semester 2\cf\project\sbs\school\school\x64\release\addteacher.obj
d:\chesda ite y1\semester 2\cf\project\sbs\school\school\x64\release\addstudentcon.obj
d:\chesda ite y1\semester 2\cf\project\sbs\school\school\x64\release\addstudent.obj
d:\chesda ite y1\semester 2\cf\project\sbs\school\school\x64\release\addstaffcon.obj
d:\chesda ite y1\semester 2\cf\project\sbs\school\school\x64\release\addstaff.obj
d:\chesda ite y1\semester 2\cf\project\sbs\school\school\x64\release\userteacher.obj
d:\chesda ite y1\semester 2\cf\project\sbs\school\school\x64\release\userstudent.obj
d:\chesda ite y1\semester 2\cf\project\sbs\school\school\x64\release\userstaff.obj
d:\chesda ite y1\semester 2\cf\project\sbs\school\school\x64\release\stuprofile.obj
d:\chesda ite y1\semester 2\cf\project\sbs\school\x64\release\school.exe
d:\chesda ite y1\semester 2\cf\project\sbs\school\x64\release\school.pdb
d:\chesda ite y1\semester 2\cf\project\sbs\school\school\x64\release\school.res
d:\chesda ite y1\semester 2\cf\project\sbs\school\school\x64\release\school.tlog\cl.command.1.tlog
d:\chesda ite y1\semester 2\cf\project\sbs\school\school\x64\release\school.tlog\cl.items.tlog
d:\chesda ite y1\semester 2\cf\project\sbs\school\school\x64\release\school.tlog\cl.read.1.tlog
d:\chesda ite y1\semester 2\cf\project\sbs\school\school\x64\release\school.tlog\cl.write.1.tlog
d:\chesda ite y1\semester 2\cf\project\sbs\school\school\x64\release\school.tlog\link.command.1.tlog
d:\chesda ite y1\semester 2\cf\project\sbs\school\school\x64\release\school.tlog\link.read.1.tlog
d:\chesda ite y1\semester 2\cf\project\sbs\school\school\x64\release\school.tlog\link.write.1.tlog
d:\chesda ite y1\semester 2\cf\project\sbs\school\school\x64\release\school.tlog\metagen.read.1.tlog
d:\chesda ite y1\semester 2\cf\project\sbs\school\school\x64\release\school.tlog\metagen.write.1.tlog
d:\chesda ite y1\semester 2\cf\project\sbs\school\school\x64\release\school.tlog\rc.command.1.tlog
d:\chesda ite y1\semester 2\cf\project\sbs\school\school\x64\release\school.tlog\rc.read.1.tlog
d:\chesda ite y1\semester 2\cf\project\sbs\school\school\x64\release\school.tlog\rc.write.1.tlog
d:\chesda ite y1\semester 2\cf\project\sbs\school\school\x64\release\school.tlog\resgen.command.1.tlog
d:\chesda ite y1\semester 2\cf\project\sbs\school\school\x64\release\school.tlog\resgen.read.1.tlog
d:\chesda ite y1\semester 2\cf\project\sbs\school\school\x64\release\school.tlog\resgen.write.1.tlog
